<?xml version="1.0" encoding="UTF-8"?>
<!-- Generated by org.testng.reporters.JUnitXMLReporter -->
<testsuite hostname="Bi3-NB-RASHARD" ignored="0" name="TestLogin" tests="1" failures="1" timestamp="05 May 2017 22:47:31 GMT" time="124.709" errors="0">
  <testcase name="FullFlow" time="120.917" classname="bi3.tests.fnb.EndToEndFlow">
    <failure type="java.lang.NullPointerException">
      <![CDATA[java.lang.NullPointerException
	at bi3.tests.fnb.EndToEndFlow.createCustomerOrder(EndToEndFlow.java:479)
	at bi3.tests.fnb.EndToEndFlow.FullFlow(EndToEndFlow.java:382)
	at java.util.concurrent.ThreadPoolExecutor.runWorker(ThreadPoolExecutor.java:1142)
	at java.util.concurrent.ThreadPoolExecutor$Worker.run(ThreadPoolExecutor.java:617)
	at java.lang.Thread.run(Thread.java:745)
... Removed 10 stack frames]]>
    </failure>
  </testcase> <!-- FullFlow -->
</testsuite> <!-- TestLogin -->
